<?xml version="1.0" encoding="UTF-8"?>
<!-- Generated by org.testng.reporters.JUnitXMLReporter -->
<testsuite ignored="0" hostname="DESKTOP-JHTUCE9" failures="1" tests="1" name="LoginTests" time="2.555" errors="0" timestamp="2025-09-17T17:59:44 IST">
  <testcase classname="tests.LoginTest" name="validLoginTest" time="2.497">
    <failure type="org.testng.internal.reflect.MethodMatcherException" message="
[public void tests.LoginTest.validLoginTest(java.lang.String,java.lang.String)] has no parameters defined but was found to be using a data provider (either explicitly specified or inherited from class level annotation).
Data provider mismatch
Method: validLoginTest([java.lang.String arg0, java.lang.String arg1])
Arguments: [(java.lang.String) nansuman2@gmail.com,(java.lang.String) Jayhanuman@1234,(java.lang.String) success]">
      <![CDATA[org.testng.internal.reflect.MethodMatcherException: 
[public void tests.LoginTest.validLoginTest(java.lang.String,java.lang.String)] has no parameters defined but was found to be using a data provider (either explicitly specified or inherited from class level annotation).
Data provider mismatch
Method: validLoginTest([java.lang.String arg0, java.lang.String arg1])
Arguments: [(java.lang.String) nansuman2@gmail.com,(java.lang.String) Jayhanuman@1234,(java.lang.String) success]
at java.base/java.util.ArrayList.forEach(ArrayList.java:1596)
at java.base/java.util.concurrent.FutureTask.run(FutureTask.java:317)
at java.base/java.util.concurrent.ThreadPoolExecutor.runWorker(ThreadPoolExecutor.java:1144)
at java.base/java.util.concurrent.ThreadPoolExecutor$Worker.run(ThreadPoolExecutor.java:642)
at java.base/java.lang.Thread.run(Thread.java:1583)
... Removed 12 stack frames]]>
    </failure>
  </testcase> <!-- validLoginTest -->
</testsuite> <!-- LoginTests -->
