<?xml version="1.0" encoding="UTF-8"?>
<!-- Generated by org.testng.reporters.JUnitXMLReporter -->
<testsuite ignored="0" hostname="DESKTOP-JHTUCE9" failures="0" tests="3" name="SearchTest" time="20.566" errors="0" timestamp="2025-09-20T22:24:05 IST">
  <testcase classname="tests.SearchTest" name="testSearchProduct" time="2.758"/>
  <testcase classname="tests.SearchTest" name="testSearchProduct" time="2.188"/>
  <testcase classname="tests.SearchTest" name="testSearchProduct" time="2.594"/>
</testsuite> <!-- SearchTest -->
