<?xml version="1.0" encoding="UTF-8"?>
<!-- Generated by org.testng.reporters.JUnitXMLReporter -->
<testsuite ignored="0" hostname="DESKTOP-JHTUCE9" failures="0" tests="3" name="SearchTest" time="13.428" errors="0" timestamp="2025-09-20T23:40:29 IST">
  <testcase classname="tests.SearchTest" name="testSearchProduct" time="2.157"/>
  <testcase classname="tests.SearchTest" name="testSearchProduct" time="1.849"/>
  <testcase classname="tests.SearchTest" name="testSearchProduct" time="1.517"/>
</testsuite> <!-- SearchTest -->
