<?xml version="1.0" encoding="UTF-8"?>
<testsuite xmlns:xsi="http://www.w3.org/2001/XMLSchema-instance" xsi:noNamespaceSchemaLocation="https://maven.apache.org/surefire/maven-surefire-plugin/xsd/surefire-test-report-3.0.xsd" version="3.0" name="TestSuite" time="15.52" tests="3" errors="0" skipped="0" failures="0">
  <properties>
[...]
</properties>
  <testcase name="testSearchProduct[iPhone 15, true](1)" classname="tests.SearchTest" time="2.107">
    <system-out><![CDATA[23:40:14.541 [main] DEBUG org.testng.TestNG -- suiteXmlPath: "C:\Users\User\eclipse-workspace\ansuman\testng.xml"
23:40:15.091 [main] WARN org.testng.TestNG -- Ignoring duplicate listener : io.qameta.allure.testng.AllureTestNg
23:40:15.092 [main] WARN org.testng.TestNG -- Ignoring duplicate listener : io.qameta.allure.testng.AllureTestNg
23:40:15.092 [main] WARN org.testng.TestNG -- Ignoring duplicate listener : io.qameta.allure.testng.AllureTestNg
[23:40:17] [INFO ] BaseTest - ========== Test Setup Started ==========
[23:40:17] [INFO ] BaseTest - Loaded browser from config: chrome
[23:40:17] [INFO ] DriverFactory - Initializing driver with options for browser: chrome
23:40:17.918 [TestNG-tests-1] DEBUG io.github.bonigarcia.wdm.cache.ResolutionCache -- Resolution chrome=140 in cache (valid until 00:25:40 21/09/2025 IST)
23:40:17.920 [TestNG-tests-1] DEBUG io.github.bonigarcia.wdm.cache.ResolutionCache -- Resolution chrome140=140.0.7339.185 in cache (valid until 22:23:48 21/09/2025 IST)
23:40:17.921 [TestNG-tests-1] INFO io.github.bonigarcia.wdm.WebDriverManager -- Using chromedriver 140.0.7339.185 (resolved driver for Chrome 140)
23:40:17.954 [TestNG-tests-1] DEBUG io.github.bonigarcia.wdm.WebDriverManager -- Driver chromedriver 140.0.7339.185 found in cache
23:40:17.955 [TestNG-tests-1] INFO io.github.bonigarcia.wdm.WebDriverManager -- Exporting webdriver.chrome.driver as C:\Users\User\.cache\selenium\chromedriver\win64\140.0.7339.185\chromedriver.exe
[23:40:20] [INFO ] DriverFactory - ChromeDriver (with options) initialized successfully.
[23:40:20] [INFO ] DriverFactory - Browser window maximized.
[23:40:20] [INFO ] BaseTest - WebDriver initialized for browser: chrome
[23:40:20] [INFO ] SearchTest - Navigating to base URL: https://tutorialsninja.com/demo/index.php
[23:40:22] [INFO ] SearchTest - Searching for product: iPhone 15
[23:40:22] [INFO ] SearchTest - ✅ PASS: iPhone 15 is displayed in search results
]]></system-out>
    <system-err><![CDATA[Sept 20, 2025 11:40:20 PM org.openqa.selenium.devtools.CdpVersionFinder findNearestMatch
WARNING: Unable to find CDP implementation matching 140
Sept 20, 2025 11:40:20 PM org.openqa.selenium.chromium.ChromiumDriver lambda$new$4
WARNING: Unable to find version of CDP to use for 140.0.7339.128. You may need to include a dependency on a specific version of the CDP using something similar to `org.seleniumhq.selenium:selenium-devtools-v86:4.28.1` where the version ("v86") matches the version of the chromium-based browser you're using and the version number of the artifact is the same as Selenium's.
]]></system-err>
  </testcase>
  <testcase name="testSearchProduct[Samsung S24, true](2)" classname="tests.SearchTest" time="1.838">
    <system-out><![CDATA[[23:40:22] [INFO ] BaseTest - ========== Test Teardown Started ==========
[23:40:22] [INFO ] DriverFactory - Quitting the driver...
[23:40:23] [INFO ] DriverFactory - Driver quit successfully.
[23:40:23] [INFO ] BaseTest - WebDriver closed successfully.
[23:40:23] [INFO ] BaseTest - ========== Test Setup Started ==========
[23:40:23] [INFO ] BaseTest - Loaded browser from config: chrome
[23:40:23] [INFO ] DriverFactory - Initializing driver with options for browser: chrome
23:40:23.125 [TestNG-tests-1] DEBUG io.github.bonigarcia.wdm.cache.ResolutionCache -- Resolution chrome=140 in cache (valid until 00:25:40 21/09/2025 IST)
23:40:23.126 [TestNG-tests-1] DEBUG io.github.bonigarcia.wdm.cache.ResolutionCache -- Resolution chrome140=140.0.7339.185 in cache (valid until 22:23:48 21/09/2025 IST)
23:40:23.126 [TestNG-tests-1] INFO io.github.bonigarcia.wdm.WebDriverManager -- Using chromedriver 140.0.7339.185 (resolved driver for Chrome 140)
23:40:23.141 [TestNG-tests-1] DEBUG io.github.bonigarcia.wdm.WebDriverManager -- Driver chromedriver 140.0.7339.185 found in cache
23:40:23.142 [TestNG-tests-1] INFO io.github.bonigarcia.wdm.WebDriverManager -- Exporting webdriver.chrome.driver as C:\Users\User\.cache\selenium\chromedriver\win64\140.0.7339.185\chromedriver.exe
[23:40:24] [INFO ] DriverFactory - ChromeDriver (with options) initialized successfully.
[23:40:24] [INFO ] DriverFactory - Browser window maximized.
[23:40:24] [INFO ] BaseTest - WebDriver initialized for browser: chrome
[23:40:24] [INFO ] SearchTest - Navigating to base URL: https://tutorialsninja.com/demo/index.php
[23:40:25] [INFO ] SearchTest - Searching for product: Samsung S24
[23:40:26] [INFO ] SearchTest - ✅ PASS: Samsung S24 is displayed in search results
]]></system-out>
    <system-err><![CDATA[Sept 20, 2025 11:40:24 PM org.openqa.selenium.devtools.CdpVersionFinder findNearestMatch
WARNING: Unable to find CDP implementation matching 140
Sept 20, 2025 11:40:24 PM org.openqa.selenium.chromium.ChromiumDriver lambda$new$4
WARNING: Unable to find version of CDP to use for 140.0.7339.128. You may need to include a dependency on a specific version of the CDP using something similar to `org.seleniumhq.selenium:selenium-devtools-v86:4.28.1` where the version ("v86") matches the version of the chromium-based browser you're using and the version number of the artifact is the same as Selenium's.
]]></system-err>
  </testcase>
  <testcase name="testSearchProduct[Pixel 9, true](3)" classname="tests.SearchTest" time="1.518">
    <system-out><![CDATA[[23:40:26] [INFO ] BaseTest - ========== Test Teardown Started ==========
[23:40:26] [INFO ] DriverFactory - Quitting the driver...
[23:40:26] [INFO ] DriverFactory - Driver quit successfully.
[23:40:26] [INFO ] BaseTest - WebDriver closed successfully.
[23:40:26] [INFO ] BaseTest - ========== Test Setup Started ==========
[23:40:26] [INFO ] BaseTest - Loaded browser from config: chrome
[23:40:26] [INFO ] DriverFactory - Initializing driver with options for browser: chrome
23:40:26.541 [TestNG-tests-1] DEBUG io.github.bonigarcia.wdm.cache.ResolutionCache -- Resolution chrome=140 in cache (valid until 00:25:40 21/09/2025 IST)
23:40:26.542 [TestNG-tests-1] DEBUG io.github.bonigarcia.wdm.cache.ResolutionCache -- Resolution chrome140=140.0.7339.185 in cache (valid until 22:23:48 21/09/2025 IST)
23:40:26.542 [TestNG-tests-1] INFO io.github.bonigarcia.wdm.WebDriverManager -- Using chromedriver 140.0.7339.185 (resolved driver for Chrome 140)
23:40:26.554 [TestNG-tests-1] DEBUG io.github.bonigarcia.wdm.WebDriverManager -- Driver chromedriver 140.0.7339.185 found in cache
23:40:26.555 [TestNG-tests-1] INFO io.github.bonigarcia.wdm.WebDriverManager -- Exporting webdriver.chrome.driver as C:\Users\User\.cache\selenium\chromedriver\win64\140.0.7339.185\chromedriver.exe
[23:40:27] [INFO ] DriverFactory - ChromeDriver (with options) initialized successfully.
[23:40:27] [INFO ] DriverFactory - Browser window maximized.
[23:40:27] [INFO ] BaseTest - WebDriver initialized for browser: chrome
[23:40:27] [INFO ] SearchTest - Navigating to base URL: https://tutorialsninja.com/demo/index.php
[23:40:28] [INFO ] SearchTest - Searching for product: Pixel 9
[23:40:29] [INFO ] SearchTest - ✅ PASS: Pixel 9 is displayed in search results
]]></system-out>
    <system-err><![CDATA[Sept 20, 2025 11:40:27 PM org.openqa.selenium.devtools.CdpVersionFinder findNearestMatch
WARNING: Unable to find CDP implementation matching 140
Sept 20, 2025 11:40:27 PM org.openqa.selenium.chromium.ChromiumDriver lambda$new$4
WARNING: Unable to find version of CDP to use for 140.0.7339.128. You may need to include a dependency on a specific version of the CDP using something similar to `org.seleniumhq.selenium:selenium-devtools-v86:4.28.1` where the version ("v86") matches the version of the chromium-based browser you're using and the version number of the artifact is the same as Selenium's.
]]></system-err>
  </testcase>
</testsuite>