<?xml version="1.0" encoding="UTF-8"?>
<testng-results ignored="0" total="3" passed="3" failed="0" skipped="0">
  <reporter-output>
  </reporter-output>
  <suite started-at="2025-09-20T23:40:16 IST" name="Suite" finished-at="2025-09-20T23:40:29 IST" duration-ms="13428">
    <groups>
    </groups>
    <test started-at="2025-09-20T23:40:16 IST" name="SearchTest" finished-at="2025-09-20T23:40:29 IST" duration-ms="13428">
      <class name="tests.SearchTest">
        <test-method is-config="true" signature="setUp()[pri:0, instance:tests.SearchTest@649f2009]" started-at="2025-09-20T23:40:17 IST" name="setUp" finished-at="2025-09-20T23:40:20 IST" duration-ms="3300" status="PASS">
          <reporter-output>
          </reporter-output>
        </test-method> <!-- setUp -->
        <test-method signature="testSearchProduct(java.lang.String,java.lang.String)[pri:0, instance:tests.SearchTest@649f2009]" started-at="2025-09-20T23:40:20 IST" name="testSearchProduct" data-provider="productData" finished-at="2025-09-20T23:40:22 IST" duration-ms="2157" status="PASS">
          <params>
            <param index="0">
              <value>
                <![CDATA[iPhone 15]]>
              </value>
            </param>
            <param index="1">
              <value>
                <![CDATA[true]]>
              </value>
            </param>
          </params>
          <reporter-output>
          </reporter-output>
        </test-method> <!-- testSearchProduct -->
        <test-method is-config="true" signature="tearDown()[pri:0, instance:tests.SearchTest@649f2009]" started-at="2025-09-20T23:40:22 IST" name="tearDown" finished-at="2025-09-20T23:40:23 IST" duration-ms="281" status="PASS">
          <reporter-output>
          </reporter-output>
        </test-method> <!-- tearDown -->
        <test-method is-config="true" signature="setUp()[pri:0, instance:tests.SearchTest@649f2009]" started-at="2025-09-20T23:40:23 IST" name="setUp" finished-at="2025-09-20T23:40:24 IST" duration-ms="1285" status="PASS">
          <reporter-output>
          </reporter-output>
        </test-method> <!-- setUp -->
        <test-method signature="testSearchProduct(java.lang.String,java.lang.String)[pri:0, instance:tests.SearchTest@649f2009]" started-at="2025-09-20T23:40:24 IST" name="testSearchProduct" data-provider="productData" finished-at="2025-09-20T23:40:26 IST" duration-ms="1849" status="PASS">
          <params>
            <param index="0">
              <value>
                <![CDATA[Samsung S24]]>
              </value>
            </param>
            <param index="1">
              <value>
                <![CDATA[true]]>
              </value>
            </param>
          </params>
          <reporter-output>
          </reporter-output>
        </test-method> <!-- testSearchProduct -->
        <test-method is-config="true" signature="tearDown()[pri:0, instance:tests.SearchTest@649f2009]" started-at="2025-09-20T23:40:26 IST" name="tearDown" finished-at="2025-09-20T23:40:26 IST" duration-ms="266" status="PASS">
          <reporter-output>
          </reporter-output>
        </test-method> <!-- tearDown -->
        <test-method is-config="true" signature="setUp()[pri:0, instance:tests.SearchTest@649f2009]" started-at="2025-09-20T23:40:26 IST" name="setUp" finished-at="2025-09-20T23:40:27 IST" duration-ms="1277" status="PASS">
          <reporter-output>
          </reporter-output>
        </test-method> <!-- setUp -->
        <test-method signature="testSearchProduct(java.lang.String,java.lang.String)[pri:0, instance:tests.SearchTest@649f2009]" started-at="2025-09-20T23:40:27 IST" name="testSearchProduct" data-provider="productData" finished-at="2025-09-20T23:40:29 IST" duration-ms="1517" status="PASS">
          <params>
            <param index="0">
              <value>
                <![CDATA[Pixel 9]]>
              </value>
            </param>
            <param index="1">
              <value>
                <![CDATA[true]]>
              </value>
            </param>
          </params>
          <reporter-output>
          </reporter-output>
        </test-method> <!-- testSearchProduct -->
        <test-method is-config="true" signature="tearDown()[pri:0, instance:tests.SearchTest@649f2009]" started-at="2025-09-20T23:40:29 IST" name="tearDown" finished-at="2025-09-20T23:40:29 IST" duration-ms="278" status="PASS">
          <reporter-output>
          </reporter-output>
        </test-method> <!-- tearDown -->
      </class> <!-- tests.SearchTest -->
    </test> <!-- SearchTest -->
  </suite> <!-- Suite -->
</testng-results>
