<?xml version="1.0" encoding="UTF-8"?>
<testng-results ignored="0" total="3" passed="3" failed="0" skipped="0">
  <reporter-output>
  </reporter-output>
  <suite started-at="2025-09-20T22:23:44 IST" name="Suite" finished-at="2025-09-20T22:24:05 IST" duration-ms="20566">
    <groups>
    </groups>
    <test started-at="2025-09-20T22:23:44 IST" name="SearchTest" finished-at="2025-09-20T22:24:05 IST" duration-ms="20566">
      <class name="tests.SearchTest">
        <test-method is-config="true" signature="setUp()[pri:0, instance:tests.SearchTest@63a5e46c]" started-at="2025-09-20T22:23:45 IST" name="setUp" finished-at="2025-09-20T22:23:52 IST" duration-ms="6572" status="PASS">
          <reporter-output>
          </reporter-output>
        </test-method> <!-- setUp -->
        <test-method signature="testSearchProduct(java.lang.String,java.lang.String)[pri:0, instance:tests.SearchTest@63a5e46c]" started-at="2025-09-20T22:23:52 IST" name="testSearchProduct" data-provider="productData" finished-at="2025-09-20T22:23:55 IST" duration-ms="2758" status="PASS">
          <params>
            <param index="0">
              <value>
                <![CDATA[iPhone 15]]>
              </value>
            </param>
            <param index="1">
              <value>
                <![CDATA[true]]>
              </value>
            </param>
          </params>
          <reporter-output>
          </reporter-output>
        </test-method> <!-- testSearchProduct -->
        <test-method is-config="true" signature="tearDown()[pri:0, instance:tests.SearchTest@63a5e46c]" started-at="2025-09-20T22:23:55 IST" name="tearDown" finished-at="2025-09-20T22:23:55 IST" duration-ms="254" status="PASS">
          <reporter-output>
          </reporter-output>
        </test-method> <!-- tearDown -->
        <test-method is-config="true" signature="setUp()[pri:0, instance:tests.SearchTest@63a5e46c]" started-at="2025-09-20T22:23:55 IST" name="setUp" finished-at="2025-09-20T22:23:57 IST" duration-ms="2024" status="PASS">
          <reporter-output>
          </reporter-output>
        </test-method> <!-- setUp -->
        <test-method signature="testSearchProduct(java.lang.String,java.lang.String)[pri:0, instance:tests.SearchTest@63a5e46c]" started-at="2025-09-20T22:23:57 IST" name="testSearchProduct" data-provider="productData" finished-at="2025-09-20T22:23:59 IST" duration-ms="2188" status="PASS">
          <params>
            <param index="0">
              <value>
                <![CDATA[Samsung S24]]>
              </value>
            </param>
            <param index="1">
              <value>
                <![CDATA[true]]>
              </value>
            </param>
          </params>
          <reporter-output>
          </reporter-output>
        </test-method> <!-- testSearchProduct -->
        <test-method is-config="true" signature="tearDown()[pri:0, instance:tests.SearchTest@63a5e46c]" started-at="2025-09-20T22:23:59 IST" name="tearDown" finished-at="2025-09-20T22:24:00 IST" duration-ms="341" status="PASS">
          <reporter-output>
          </reporter-output>
        </test-method> <!-- tearDown -->
        <test-method is-config="true" signature="setUp()[pri:0, instance:tests.SearchTest@63a5e46c]" started-at="2025-09-20T22:24:00 IST" name="setUp" finished-at="2025-09-20T22:24:01 IST" duration-ms="1626" status="PASS">
          <reporter-output>
          </reporter-output>
        </test-method> <!-- setUp -->
        <test-method signature="testSearchProduct(java.lang.String,java.lang.String)[pri:0, instance:tests.SearchTest@63a5e46c]" started-at="2025-09-20T22:24:01 IST" name="testSearchProduct" data-provider="productData" finished-at="2025-09-20T22:24:04 IST" duration-ms="2594" status="PASS">
          <params>
            <param index="0">
              <value>
                <![CDATA[Pixel 9]]>
              </value>
            </param>
            <param index="1">
              <value>
                <![CDATA[true]]>
              </value>
            </param>
          </params>
          <reporter-output>
          </reporter-output>
        </test-method> <!-- testSearchProduct -->
        <test-method is-config="true" signature="tearDown()[pri:0, instance:tests.SearchTest@63a5e46c]" started-at="2025-09-20T22:24:04 IST" name="tearDown" finished-at="2025-09-20T22:24:05 IST" duration-ms="791" status="PASS">
          <reporter-output>
          </reporter-output>
        </test-method> <!-- tearDown -->
      </class> <!-- tests.SearchTest -->
    </test> <!-- SearchTest -->
  </suite> <!-- Suite -->
</testng-results>
